Warning[2001] C:\Documents and Settings\Pelle\My Documents\PIC Code Jan 2010\Motor Fader Card 18F2520\system\main.c 58 : non-near symbol 'indata' declared in access section 'volatile_access'
Warning[2001] C:\Documents and Settings\Pelle\My Documents\PIC Code Jan 2010\Motor Fader Card 18F2520\system\main.c 59 : non-near symbol 'lastpError' declared in access section 'volatile_access'
Warning[2001] C:\Documents and Settings\Pelle\My Documents\PIC Code Jan 2010\Motor Fader Card 18F2520\system\main.c 60 : non-near symbol 'lastiError' declared in access section 'volatile_access'
Warning[2001] C:\Documents and Settings\Pelle\My Documents\PIC Code Jan 2010\Motor Fader Card 18F2520\system\main.c 61 : non-near symbol 'pError' declared in access section 'volatile_access'
Warning[2001] C:\Documents and Settings\Pelle\My Documents\PIC Code Jan 2010\Motor Fader Card 18F2520\system\main.c 62 : non-near symbol 'iError' declared in access section 'volatile_access'
Warning[2001] C:\Documents and Settings\Pelle\My Documents\PIC Code Jan 2010\Motor Fader Card 18F2520\system\main.c 63 : non-near symbol 'dError' declared in access section 'volatile_access'
Warning[2001] C:\Documents and Settings\Pelle\My Documents\PIC Code Jan 2010\Motor Fader Card 18F2520\system\main.c 64 : non-near symbol 'pK' declared in access section 'volatile_access'
Warning[2001] C:\Documents and Settings\Pelle\My Documents\PIC Code Jan 2010\Motor Fader Card 18F2520\system\main.c 65 : non-near symbol 'iK' declared in access section 'volatile_access'
Warning[2001] C:\Documents and Settings\Pelle\My Documents\PIC Code Jan 2010\Motor Fader Card 18F2520\system\main.c 66 : non-near symbol 'dK' declared in access section 'volatile_access'
Warning[2001] C:\Documents and Settings\Pelle\My Documents\PIC Code Jan 2010\Motor Fader Card 18F2520\system\main.c 67 : non-near symbol 'gain' declared in access section 'volatile_access'
Warning[2001] C:\Documents and Settings\Pelle\My Documents\PIC Code Jan 2010\Motor Fader Card 18F2520\system\main.c 68 : non-near symbol 'time_interval' declared in access section 'volatile_access'
Warning[2001] C:\Documents and Settings\Pelle\My Documents\PIC Code Jan 2010\Motor Fader Card 18F2520\system\main.c 69 : non-near symbol 'derTime' declared in access section 'volatile_access'
Warning[2001] C:\Documents and Settings\Pelle\My Documents\PIC Code Jan 2010\Motor Fader Card 18F2520\system\main.c 70 : non-near symbol 'intTime' declared in access section 'volatile_access'
Warning[2001] C:\Documents and Settings\Pelle\My Documents\PIC Code Jan 2010\Motor Fader Card 18F2520\system\main.c 71 : non-near symbol 'tol' declared in access section 'volatile_access'
Warning[2001] C:\Documents and Settings\Pelle\My Documents\PIC Code Jan 2010\Motor Fader Card 18F2520\system\main.c 73 : non-near symbol 'motorstart' declared in access section 'volatile_access'
Warning[2001] C:\Documents and Settings\Pelle\My Documents\PIC Code Jan 2010\Motor Fader Card 18F2520\system\main.c 74 : non-near symbol 'speed' declared in access section 'volatile_access'
Warning[2001] C:\Documents and Settings\Pelle\My Documents\PIC Code Jan 2010\Motor Fader Card 18F2520\system\main.c 75 : non-near symbol 'fspeed' declared in access section 'volatile_access'
Warning[2001] C:\Documents and Settings\Pelle\My Documents\PIC Code Jan 2010\Motor Fader Card 18F2520\system\main.c 88 : non-near symbol 'touch_acc' declared in access section 'volatile_access'
Warning[2001] C:\Documents and Settings\Pelle\My Documents\PIC Code Jan 2010\Motor Fader Card 18F2520\system\main.c 93 : non-near symbol 'acc_fader_pos' declared in access section 'volatile_access'
Warning[2001] C:\Documents and Settings\Pelle\My Documents\PIC Code Jan 2010\Motor Fader Card 18F2520\system\main.c 111 : non-near symbol 'fader_adc' declared in access section 'volatile_access'
